<?xml version="1.0" encoding="UTF-8"?>
<testng-results ignored="0" total="1" passed="1" failed="0" skipped="0">
  <reporter-output>
  </reporter-output>
  <suite started-at="2023-03-02T17:06:32 CST" name="Default suite" finished-at="2023-03-02T17:06:46 CST" duration-ms="13409">
    <groups>
      <group name="cucumber">
        <method signature="AbstractTestNGCucumberTests.feature(cucumber.api.testng.CucumberFeatureWrapper)[pri:0, instance:frameRunner.FrameRunner10@cb0755b]" name="feature" class="cucumber.api.testng.AbstractTestNGCucumberTests"/>
      </group> <!-- cucumber -->
    </groups>
    <test started-at="2023-03-02T17:06:32 CST" name="Default test" finished-at="2023-03-02T17:06:46 CST" duration-ms="13409">
      <class name="frameRunner.FrameRunner10">
        <test-method is-config="true" signature="setUpClass()[pri:0, instance:frameRunner.FrameRunner10@cb0755b]" started-at="2023-03-02T17:06:32 CST" name="setUpClass" finished-at="2023-03-02T17:06:33 CST" duration-ms="221" status="PASS">
          <reporter-output>
          </reporter-output>
        </test-method> <!-- setUpClass -->
        <test-method signature="feature(cucumber.api.testng.CucumberFeatureWrapper)[pri:0, instance:frameRunner.FrameRunner10@cb0755b]" started-at="2023-03-02T17:06:33 CST" name="feature" description="Runs Cucumber Feature" data-provider="features" finished-at="2023-03-02T17:06:46 CST" duration-ms="13029" status="PASS">
          <params>
            <param index="0">
              <value>
                <![CDATA[Oracle]]>
              </value>
            </param>
          </params>
          <reporter-output>
          </reporter-output>
        </test-method> <!-- feature -->
        <test-method is-config="true" signature="tearDownClass()[pri:0, instance:frameRunner.FrameRunner10@cb0755b]" started-at="2023-03-02T17:06:46 CST" name="tearDownClass" finished-at="2023-03-02T17:06:46 CST" duration-ms="0" status="PASS">
          <reporter-output>
          </reporter-output>
        </test-method> <!-- tearDownClass -->
      </class> <!-- frameRunner.FrameRunner10 -->
    </test> <!-- Default test -->
  </suite> <!-- Default suite -->
</testng-results>
